#-----------------------------------------------------------
# Vivado v2019.1 (64-bit)
# SW Build 2552052 on Fri May 24 14:49:42 MDT 2019
# IP Build 2548770 on Fri May 24 18:01:18 MDT 2019
# Start of session at: Wed Nov  9 09:22:30 2022
# Process ID: 7432
# Current directory: C:/Users/eleves/Documents/Embedded-System-Design-Flow-on-Zynq/invaes_ip/managed_ip_project
# Command line: vivado.exe -gui_launcher_event rodinguilauncherevent24176 C:\Users\eleves\Documents\Embedded-System-Design-Flow-on-Zynq\invaes_ip\managed_ip_project\managed_ip_project.xpr
# Log file: C:/Users/eleves/Documents/Embedded-System-Design-Flow-on-Zynq/invaes_ip/managed_ip_project/vivado.log
# Journal file: C:/Users/eleves/Documents/Embedded-System-Design-Flow-on-Zynq/invaes_ip/managed_ip_project\vivado.jou
#-----------------------------------------------------------
start_gui
open_project C:/Users/eleves/Documents/Embedded-System-Design-Flow-on-Zynq/invaes_ip/managed_ip_project/managed_ip_project.xpr
INFO: [ProjectBase 1-489] The host OS only allows 260 characters in a normal path. The project is stored in a path with more than 80 characters. If you experience issues with IP, Block Designs, or files not being found, please consider moving the project to a location with a shorter path. Alternately consider using the OS subst command to map part of the path to a drive letter.
Current project path is 'C:/Users/eleves/Documents/Embedded-System-Design-Flow-on-Zynq/invaes_ip/managed_ip_project'
Scanning sources...
Finished scanning sources
WARNING: [filemgmt 56-3] IP Repository Path: Could not find the directory 'C:/Users/eleves/Documents/Embedded-System-Design-Flow-on-Zynq/invaes_ip/ip_repo/myip_1.0'.
INFO: [IP_Flow 19-234] Refreshing IP repositories
INFO: [IP_Flow 19-1700] Loaded user IP repository 'c:/Users/eleves/Documents/Embedded-System-Design-Flow-on-Zynq/invaes_ip/ip_repo/invaes_ip_1.0'.
WARNING: [IP_Flow 19-2248] Failed to load user IP repository 'c:/Users/eleves/Documents/Embedded-System-Design-Flow-on-Zynq/invaes_ip/ip_repo/myip_1.0'; Can't find the specified path.
If this directory should no longer be in your list of user repositories, go to the IP Settings dialog and remove it.
INFO: [IP_Flow 19-2313] Loaded Vivado IP repository 'C:/Xilinx/Vivado/2019.1/data/ip'.
open_project: Time (s): cpu = 00:00:15 ; elapsed = 00:00:10 . Memory (MB): peak = 770.402 ; gain = 163.477
exit
INFO: [Common 17-206] Exiting Vivado at Wed Nov  9 10:04:31 2022...
